c:\users\misha\source\repos\evaluator new\x64\debug\evaluator new.pdb
c:\users\misha\source\repos\evaluator new\x64\debug\evaluator new.idb
c:\users\misha\source\repos\evaluator new\evaluator new\x64\debug\theend.obj
c:\users\misha\source\repos\evaluator new\evaluator new\x64\debug\parenthesis.obj
c:\users\misha\source\repos\evaluator new\evaluator new\x64\debug\operation.obj
c:\users\misha\source\repos\evaluator new\evaluator new\x64\debug\number.obj
c:\users\misha\source\repos\evaluator new\evaluator new\x64\debug\main.obj
c:\users\misha\source\repos\evaluator new\evaluator new\x64\debug\lexemefactory.obj
c:\users\misha\source\repos\evaluator new\evaluator new\x64\debug\lexeme.obj
c:\users\misha\source\repos\evaluator new\evaluator new\x64\debug\invalidoperation.obj
c:\users\misha\source\repos\evaluator new\evaluator new\x64\debug\invalidnumberlexeme.obj
c:\users\misha\source\repos\evaluator new\evaluator new\x64\debug\evaluator.obj
c:\users\misha\source\repos\evaluator new\evaluator new\x64\debug\comma.obj
c:\users\misha\source\repos\evaluator new\evaluator new\x64\debug\boolean.obj
c:\users\misha\source\repos\evaluator new\x64\debug\evaluator new.lib
c:\users\misha\source\repos\evaluator new\evaluator new\x64\debug\evaluator new.tlog\cl.command.1.tlog
c:\users\misha\source\repos\evaluator new\evaluator new\x64\debug\evaluator new.tlog\cl.items.tlog
c:\users\misha\source\repos\evaluator new\evaluator new\x64\debug\evaluator new.tlog\cl.read.1.tlog
c:\users\misha\source\repos\evaluator new\evaluator new\x64\debug\evaluator new.tlog\cl.write.1.tlog
c:\users\misha\source\repos\evaluator new\evaluator new\x64\debug\evaluator new.tlog\lib-link.read.1.tlog
c:\users\misha\source\repos\evaluator new\evaluator new\x64\debug\evaluator new.tlog\lib-link.write.1.tlog
c:\users\misha\source\repos\evaluator new\evaluator new\x64\debug\evaluator new.tlog\lib.command.1.tlog
