c:\users\misha\source\repos\evaluator\x64\debug\evaluator.pdb
c:\users\misha\source\repos\evaluator\x64\debug\evaluator.idb
c:\users\misha\source\repos\evaluator\evaluator\x64\debug\theend.obj
c:\users\misha\source\repos\evaluator\evaluator\x64\debug\parenthesis.obj
c:\users\misha\source\repos\evaluator\evaluator\x64\debug\operation.obj
c:\users\misha\source\repos\evaluator\evaluator\x64\debug\number.obj
c:\users\misha\source\repos\evaluator\evaluator\x64\debug\lexemefactory.obj
c:\users\misha\source\repos\evaluator\evaluator\x64\debug\lexeme.obj
c:\users\misha\source\repos\evaluator\evaluator\x64\debug\identificator.obj
c:\users\misha\source\repos\evaluator\evaluator\x64\debug\evaluator.obj
c:\users\misha\source\repos\evaluator\evaluator\x64\debug\comma.obj
c:\users\misha\source\repos\evaluator\evaluator\x64\debug\boolean.obj
c:\users\misha\source\repos\evaluator\x64\debug\evaluator.lib
c:\users\misha\source\repos\evaluator\evaluator\x64\debug\evaluator.tlog\cl.command.1.tlog
c:\users\misha\source\repos\evaluator\evaluator\x64\debug\evaluator.tlog\cl.items.tlog
c:\users\misha\source\repos\evaluator\evaluator\x64\debug\evaluator.tlog\cl.read.1.tlog
c:\users\misha\source\repos\evaluator\evaluator\x64\debug\evaluator.tlog\cl.write.1.tlog
c:\users\misha\source\repos\evaluator\evaluator\x64\debug\evaluator.tlog\lib-link.read.1.tlog
c:\users\misha\source\repos\evaluator\evaluator\x64\debug\evaluator.tlog\lib-link.write.1.tlog
c:\users\misha\source\repos\evaluator\evaluator\x64\debug\evaluator.tlog\lib.command.1.tlog
